<?xml version="1.0" encoding="UTF-8"?>
<!-- Generated by org.testng.reporters.JUnitReportReporter -->
<testsuite hostname="DESKTOP-P0LVLVG" failures="0" tests="1" name="TestCases.BaseClass" time="10.296" errors="0" timestamp="2023-09-10T16:36:54 IST" skipped="0">
  <testcase classname="TestCases.BaseClass" name="openingBrowserChrome" time="10.296"/>
</testsuite> <!-- TestCases.BaseClass -->
