<?xml version="1.0" encoding="UTF-8"?>
<!-- Generated by org.testng.reporters.JUnitReportReporter -->
<testsuite hostname="DESKTOP-P0LVLVG" failures="0" tests="1" name="TestCases.BaseClass3" time="0.002" errors="0" timestamp="2023-09-10T16:36:54 IST" skipped="1">
  <testcase classname="TestCases.BaseClass3" name="openingBrowserFirefox" time="0.002">
    <skipped/>
  </testcase> <!-- openingBrowserFirefox -->
</testsuite> <!-- TestCases.BaseClass3 -->
